0 info it worked if it ends with ok
1 verbose cli [ '/Users/Tim/.nvm/versions/node/v0.12.7/bin/node',
1 verbose cli   '/Users/Tim/.nvm/versions/node/v0.12.7/bin/npm',
1 verbose cli   'run',
1 verbose cli   './bin/www' ]
2 info using npm@2.11.3
3 info using node@v0.12.7
4 verbose stack Error: missing script: ./bin/www
4 verbose stack     at run (/Users/Tim/.nvm/versions/node/v0.12.7/lib/node_modules/npm/lib/run-script.js:142:19)
4 verbose stack     at /Users/Tim/.nvm/versions/node/v0.12.7/lib/node_modules/npm/lib/run-script.js:58:5
4 verbose stack     at /Users/Tim/.nvm/versions/node/v0.12.7/lib/node_modules/npm/node_modules/read-package-json/read-json.js:345:5
4 verbose stack     at checkBinReferences_ (/Users/Tim/.nvm/versions/node/v0.12.7/lib/node_modules/npm/node_modules/read-package-json/read-json.js:309:45)
4 verbose stack     at final (/Users/Tim/.nvm/versions/node/v0.12.7/lib/node_modules/npm/node_modules/read-package-json/read-json.js:343:3)
4 verbose stack     at then (/Users/Tim/.nvm/versions/node/v0.12.7/lib/node_modules/npm/node_modules/read-package-json/read-json.js:113:5)
4 verbose stack     at /Users/Tim/.nvm/versions/node/v0.12.7/lib/node_modules/npm/node_modules/read-package-json/read-json.js:284:20
4 verbose stack     at evalmachine.<anonymous>:263:20
4 verbose stack     at OpenReq.Req.done (/Users/Tim/.nvm/versions/node/v0.12.7/lib/node_modules/npm/node_modules/graceful-fs/graceful-fs.js:141:5)
4 verbose stack     at OpenReq.done (/Users/Tim/.nvm/versions/node/v0.12.7/lib/node_modules/npm/node_modules/graceful-fs/graceful-fs.js:61:22)
5 verbose cwd /Users/Tim/dev/express/duomacia/build
6 error Darwin 15.6.0
7 error argv "/Users/Tim/.nvm/versions/node/v0.12.7/bin/node" "/Users/Tim/.nvm/versions/node/v0.12.7/bin/npm" "run" "./bin/www"
8 error node v0.12.7
9 error npm  v2.11.3
10 error missing script: ./bin/www
11 error If you need help, you may report this error at:
11 error     <https://github.com/npm/npm/issues>
12 verbose exit [ 1, true ]
